<?xml version="1.0" encoding="UTF-8"?>
<testsuite xmlns:xsi="http://www.w3.org/2001/XMLSchema-instance" xsi:noNamespaceSchemaLocation="https://maven.apache.org/surefire/maven-surefire-plugin/xsd/surefire-test-report-3.0.xsd" version="3.0" name="com.traffic.TrafficViolationSystemTest" time="0.194" tests="9" errors="0" skipped="0" failures="0">
  <properties>
[...]
</properties>
  <testcase name="testChallanPayment" classname="com.traffic.TrafficViolationSystemTest" time="0.089">
    <system-out><![CDATA[Vehicle registered successfully: TN01AB1234
Electronic Challan Generated: CH1001
Fine Amount: ₹500.0
Payment successful for CH1001
]]></system-out>
  </testcase>
  <testcase name="testBoundarySpeed" classname="com.traffic.TrafficViolationSystemTest" time="0.006">
    <system-out><![CDATA[Vehicle registered successfully: TN01AB1234
Electronic Challan Generated: CH1001
Fine Amount: ₹0.0
]]></system-out>
  </testcase>
  <testcase name="testOverSpeedingFine" classname="com.traffic.TrafficViolationSystemTest" time="0.004">
    <system-out><![CDATA[Vehicle registered successfully: TN01AB1234
Electronic Challan Generated: CH1001
Fine Amount: ₹1000.0
]]></system-out>
  </testcase>
  <testcase name="testInvalidVehicleNumber" classname="com.traffic.TrafficViolationSystemTest" time="0.003"/>
  <testcase name="testVehicleClassification" classname="com.traffic.TrafficViolationSystemTest" time="0.002">
    <system-out><![CDATA[Vehicle registered successfully: TN01AB1234
Electronic Challan Generated: CH1001
Fine Amount: ₹500.0
]]></system-out>
  </testcase>
  <testcase name="testVehicleRegistration" classname="com.traffic.TrafficViolationSystemTest" time="0.003">
    <system-out><![CDATA[Vehicle registered successfully: TN01AB1234
]]></system-out>
  </testcase>
  <testcase name="testRepeatedViolationHasHigherPenalty" classname="com.traffic.TrafficViolationSystemTest" time="0.002">
    <system-out><![CDATA[Vehicle registered successfully: TN01AB1234
Electronic Challan Generated: CH1001
Fine Amount: ₹1500.0
Electronic Challan Generated: CH1002
Fine Amount: ₹2250.0
]]></system-out>
  </testcase>
  <testcase name="testDuplicateChallan" classname="com.traffic.TrafficViolationSystemTest" time="0.005">
    <system-out><![CDATA[Vehicle registered successfully: TN01AB1234
Electronic Challan Generated: CH1001
Fine Amount: ₹1000.0
]]></system-out>
  </testcase>
  <testcase name="testOutstandingFine" classname="com.traffic.TrafficViolationSystemTest" time="0.004">
    <system-out><![CDATA[Vehicle registered successfully: TN01AB1234
Vehicle registered successfully: TN02CD5678
Electronic Challan Generated: CH1001
Fine Amount: ₹500.0
Electronic Challan Generated: CH1002
Fine Amount: ₹1500.0
]]></system-out>
  </testcase>
</testsuite>